[2025-06-27T00:33:48.878+0000] {processor.py:161} INFO - Started process (PID=2173) to work on /opt/airflow/dags/reddit_dag.py
[2025-06-27T00:33:48.882+0000] {processor.py:830} INFO - Processing file /opt/airflow/dags/reddit_dag.py for tasks to queue
[2025-06-27T00:33:48.886+0000] {logging_mixin.py:188} INFO - [2025-06-27T00:33:48.885+0000] {dagbag.py:545} INFO - Filling up the DagBag from /opt/airflow/dags/reddit_dag.py
[2025-06-27T00:33:49.800+0000] {processor.py:840} INFO - DAG(s) 'etl_reddit_pipeline' retrieved from /opt/airflow/dags/reddit_dag.py
[2025-06-27T00:33:49.933+0000] {logging_mixin.py:188} INFO - [2025-06-27T00:33:49.932+0000] {dag.py:3096} INFO - Sync 1 DAGs
[2025-06-27T00:33:49.945+0000] {logging_mixin.py:188} INFO - [2025-06-27T00:33:49.944+0000] {dag.py:3954} INFO - Setting next_dagrun for etl_reddit_pipeline to 2025-06-27 00:00:00+00:00, run_after=2025-06-28 00:00:00+00:00
[2025-06-27T00:33:49.954+0000] {processor.py:183} INFO - Processing /opt/airflow/dags/reddit_dag.py took 1.114 seconds
[2025-06-27T00:38:43.202+0000] {processor.py:161} INFO - Started process (PID=2175) to work on /opt/airflow/dags/reddit_dag.py
[2025-06-27T00:38:43.208+0000] {processor.py:830} INFO - Processing file /opt/airflow/dags/reddit_dag.py for tasks to queue
[2025-06-27T00:38:43.213+0000] {logging_mixin.py:188} INFO - [2025-06-27T00:38:43.209+0000] {dagbag.py:545} INFO - Filling up the DagBag from /opt/airflow/dags/reddit_dag.py
[2025-06-27T00:38:44.610+0000] {processor.py:840} INFO - DAG(s) 'etl_reddit_pipeline' retrieved from /opt/airflow/dags/reddit_dag.py
[2025-06-27T00:38:44.673+0000] {logging_mixin.py:188} INFO - [2025-06-27T00:38:44.672+0000] {dag.py:3096} INFO - Sync 1 DAGs
[2025-06-27T00:38:44.690+0000] {logging_mixin.py:188} INFO - [2025-06-27T00:38:44.689+0000] {dag.py:3954} INFO - Setting next_dagrun for etl_reddit_pipeline to 2025-06-27 00:00:00+00:00, run_after=2025-06-28 00:00:00+00:00
[2025-06-27T00:38:44.709+0000] {processor.py:183} INFO - Processing /opt/airflow/dags/reddit_dag.py took 1.568 seconds
[2025-06-27T01:00:39.437+0000] {processor.py:161} INFO - Started process (PID=2177) to work on /opt/airflow/dags/reddit_dag.py
[2025-06-27T01:00:39.439+0000] {processor.py:830} INFO - Processing file /opt/airflow/dags/reddit_dag.py for tasks to queue
[2025-06-27T01:00:39.440+0000] {logging_mixin.py:188} INFO - [2025-06-27T01:00:39.440+0000] {dagbag.py:545} INFO - Filling up the DagBag from /opt/airflow/dags/reddit_dag.py
[2025-06-27T01:00:39.940+0000] {processor.py:840} INFO - DAG(s) 'etl_reddit_pipeline' retrieved from /opt/airflow/dags/reddit_dag.py
[2025-06-27T01:00:39.967+0000] {logging_mixin.py:188} INFO - [2025-06-27T01:00:39.967+0000] {dag.py:3096} INFO - Sync 1 DAGs
[2025-06-27T01:00:39.979+0000] {logging_mixin.py:188} INFO - [2025-06-27T01:00:39.979+0000] {dag.py:3954} INFO - Setting next_dagrun for etl_reddit_pipeline to 2025-06-27 00:00:00+00:00, run_after=2025-06-28 00:00:00+00:00
[2025-06-27T01:00:39.988+0000] {processor.py:183} INFO - Processing /opt/airflow/dags/reddit_dag.py took 0.566 seconds
[2025-06-27T01:01:10.374+0000] {processor.py:161} INFO - Started process (PID=2179) to work on /opt/airflow/dags/reddit_dag.py
[2025-06-27T01:01:10.379+0000] {processor.py:830} INFO - Processing file /opt/airflow/dags/reddit_dag.py for tasks to queue
[2025-06-27T01:01:10.400+0000] {logging_mixin.py:188} INFO - [2025-06-27T01:01:10.393+0000] {dagbag.py:545} INFO - Filling up the DagBag from /opt/airflow/dags/reddit_dag.py
[2025-06-27T01:01:11.035+0000] {processor.py:840} INFO - DAG(s) 'etl_reddit_pipeline' retrieved from /opt/airflow/dags/reddit_dag.py
[2025-06-27T01:01:11.063+0000] {logging_mixin.py:188} INFO - [2025-06-27T01:01:11.062+0000] {dag.py:3096} INFO - Sync 1 DAGs
[2025-06-27T01:01:11.073+0000] {logging_mixin.py:188} INFO - [2025-06-27T01:01:11.073+0000] {dag.py:3954} INFO - Setting next_dagrun for etl_reddit_pipeline to 2025-06-27 00:00:00+00:00, run_after=2025-06-28 00:00:00+00:00
[2025-06-27T01:01:11.081+0000] {processor.py:183} INFO - Processing /opt/airflow/dags/reddit_dag.py took 0.740 seconds
[2025-06-27T02:10:15.718+0000] {processor.py:161} INFO - Started process (PID=2181) to work on /opt/airflow/dags/reddit_dag.py
[2025-06-27T02:10:15.719+0000] {processor.py:830} INFO - Processing file /opt/airflow/dags/reddit_dag.py for tasks to queue
[2025-06-27T02:10:15.720+0000] {logging_mixin.py:188} INFO - [2025-06-27T02:10:15.720+0000] {dagbag.py:545} INFO - Filling up the DagBag from /opt/airflow/dags/reddit_dag.py
[2025-06-27T02:10:16.447+0000] {processor.py:840} INFO - DAG(s) 'etl_reddit_pipeline' retrieved from /opt/airflow/dags/reddit_dag.py
[2025-06-27T02:10:16.479+0000] {logging_mixin.py:188} INFO - [2025-06-27T02:10:16.478+0000] {dag.py:3096} INFO - Sync 1 DAGs
[2025-06-27T02:10:16.500+0000] {logging_mixin.py:188} INFO - [2025-06-27T02:10:16.500+0000] {dag.py:3954} INFO - Setting next_dagrun for etl_reddit_pipeline to 2025-06-27 00:00:00+00:00, run_after=2025-06-28 00:00:00+00:00
[2025-06-27T02:10:16.513+0000] {processor.py:183} INFO - Processing /opt/airflow/dags/reddit_dag.py took 0.814 seconds
[2025-06-27T03:13:51.612+0000] {processor.py:161} INFO - Started process (PID=2183) to work on /opt/airflow/dags/reddit_dag.py
[2025-06-27T03:13:51.615+0000] {processor.py:830} INFO - Processing file /opt/airflow/dags/reddit_dag.py for tasks to queue
[2025-06-27T03:13:51.617+0000] {logging_mixin.py:188} INFO - [2025-06-27T03:13:51.616+0000] {dagbag.py:545} INFO - Filling up the DagBag from /opt/airflow/dags/reddit_dag.py
[2025-06-27T03:13:53.404+0000] {processor.py:840} INFO - DAG(s) 'etl_reddit_pipeline' retrieved from /opt/airflow/dags/reddit_dag.py
[2025-06-27T03:13:53.446+0000] {logging_mixin.py:188} INFO - [2025-06-27T03:13:53.446+0000] {dag.py:3096} INFO - Sync 1 DAGs
[2025-06-27T03:13:53.465+0000] {logging_mixin.py:188} INFO - [2025-06-27T03:13:53.465+0000] {dag.py:3954} INFO - Setting next_dagrun for etl_reddit_pipeline to 2025-06-27 00:00:00+00:00, run_after=2025-06-28 00:00:00+00:00
[2025-06-27T03:13:53.485+0000] {processor.py:183} INFO - Processing /opt/airflow/dags/reddit_dag.py took 1.910 seconds
[2025-06-27T04:37:04.945+0000] {processor.py:161} INFO - Started process (PID=2185) to work on /opt/airflow/dags/reddit_dag.py
[2025-06-27T04:37:04.947+0000] {processor.py:830} INFO - Processing file /opt/airflow/dags/reddit_dag.py for tasks to queue
[2025-06-27T04:37:04.948+0000] {logging_mixin.py:188} INFO - [2025-06-27T04:37:04.947+0000] {dagbag.py:545} INFO - Filling up the DagBag from /opt/airflow/dags/reddit_dag.py
[2025-06-27T04:37:05.557+0000] {processor.py:840} INFO - DAG(s) 'etl_reddit_pipeline' retrieved from /opt/airflow/dags/reddit_dag.py
[2025-06-27T04:37:05.576+0000] {logging_mixin.py:188} INFO - [2025-06-27T04:37:05.576+0000] {dag.py:3096} INFO - Sync 1 DAGs
[2025-06-27T04:37:05.591+0000] {logging_mixin.py:188} INFO - [2025-06-27T04:37:05.591+0000] {dag.py:3954} INFO - Setting next_dagrun for etl_reddit_pipeline to 2025-06-27 00:00:00+00:00, run_after=2025-06-28 00:00:00+00:00
[2025-06-27T04:37:05.602+0000] {processor.py:183} INFO - Processing /opt/airflow/dags/reddit_dag.py took 0.667 seconds
[2025-06-27T05:13:05.851+0000] {processor.py:161} INFO - Started process (PID=2187) to work on /opt/airflow/dags/reddit_dag.py
[2025-06-27T05:13:05.853+0000] {processor.py:830} INFO - Processing file /opt/airflow/dags/reddit_dag.py for tasks to queue
[2025-06-27T05:13:05.854+0000] {logging_mixin.py:188} INFO - [2025-06-27T05:13:05.853+0000] {dagbag.py:545} INFO - Filling up the DagBag from /opt/airflow/dags/reddit_dag.py
[2025-06-27T05:13:06.382+0000] {processor.py:840} INFO - DAG(s) 'etl_reddit_pipeline' retrieved from /opt/airflow/dags/reddit_dag.py
[2025-06-27T05:13:06.399+0000] {logging_mixin.py:188} INFO - [2025-06-27T05:13:06.399+0000] {dag.py:3096} INFO - Sync 1 DAGs
[2025-06-27T05:13:06.420+0000] {logging_mixin.py:188} INFO - [2025-06-27T05:13:06.419+0000] {dag.py:3954} INFO - Setting next_dagrun for etl_reddit_pipeline to 2025-06-27 00:00:00+00:00, run_after=2025-06-28 00:00:00+00:00
[2025-06-27T05:13:06.432+0000] {processor.py:183} INFO - Processing /opt/airflow/dags/reddit_dag.py took 0.595 seconds
[2025-06-27T06:52:11.837+0000] {processor.py:161} INFO - Started process (PID=2189) to work on /opt/airflow/dags/reddit_dag.py
[2025-06-27T06:52:11.839+0000] {processor.py:830} INFO - Processing file /opt/airflow/dags/reddit_dag.py for tasks to queue
[2025-06-27T06:52:11.840+0000] {logging_mixin.py:188} INFO - [2025-06-27T06:52:11.840+0000] {dagbag.py:545} INFO - Filling up the DagBag from /opt/airflow/dags/reddit_dag.py
[2025-06-27T06:52:12.364+0000] {processor.py:840} INFO - DAG(s) 'etl_reddit_pipeline' retrieved from /opt/airflow/dags/reddit_dag.py
[2025-06-27T06:52:12.379+0000] {logging_mixin.py:188} INFO - [2025-06-27T06:52:12.378+0000] {dag.py:3096} INFO - Sync 1 DAGs
[2025-06-27T06:52:12.388+0000] {logging_mixin.py:188} INFO - [2025-06-27T06:52:12.388+0000] {dag.py:3954} INFO - Setting next_dagrun for etl_reddit_pipeline to 2025-06-27 00:00:00+00:00, run_after=2025-06-28 00:00:00+00:00
[2025-06-27T06:52:12.395+0000] {processor.py:183} INFO - Processing /opt/airflow/dags/reddit_dag.py took 0.569 seconds
[2025-06-27T06:52:42.784+0000] {processor.py:161} INFO - Started process (PID=2191) to work on /opt/airflow/dags/reddit_dag.py
[2025-06-27T06:52:42.786+0000] {processor.py:830} INFO - Processing file /opt/airflow/dags/reddit_dag.py for tasks to queue
[2025-06-27T06:52:42.788+0000] {logging_mixin.py:188} INFO - [2025-06-27T06:52:42.787+0000] {dagbag.py:545} INFO - Filling up the DagBag from /opt/airflow/dags/reddit_dag.py
[2025-06-27T06:52:43.430+0000] {processor.py:840} INFO - DAG(s) 'etl_reddit_pipeline' retrieved from /opt/airflow/dags/reddit_dag.py
[2025-06-27T06:52:43.455+0000] {logging_mixin.py:188} INFO - [2025-06-27T06:52:43.455+0000] {dag.py:3096} INFO - Sync 1 DAGs
[2025-06-27T06:52:43.466+0000] {logging_mixin.py:188} INFO - [2025-06-27T06:52:43.466+0000] {dag.py:3954} INFO - Setting next_dagrun for etl_reddit_pipeline to 2025-06-27 00:00:00+00:00, run_after=2025-06-28 00:00:00+00:00
[2025-06-27T06:52:43.473+0000] {processor.py:183} INFO - Processing /opt/airflow/dags/reddit_dag.py took 0.713 seconds
[2025-06-27T07:53:19.663+0000] {processor.py:161} INFO - Started process (PID=2193) to work on /opt/airflow/dags/reddit_dag.py
[2025-06-27T07:53:19.665+0000] {processor.py:830} INFO - Processing file /opt/airflow/dags/reddit_dag.py for tasks to queue
[2025-06-27T07:53:19.668+0000] {logging_mixin.py:188} INFO - [2025-06-27T07:53:19.667+0000] {dagbag.py:545} INFO - Filling up the DagBag from /opt/airflow/dags/reddit_dag.py
[2025-06-27T07:53:20.392+0000] {processor.py:840} INFO - DAG(s) 'etl_reddit_pipeline' retrieved from /opt/airflow/dags/reddit_dag.py
[2025-06-27T07:53:20.449+0000] {logging_mixin.py:188} INFO - [2025-06-27T07:53:20.447+0000] {dag.py:3096} INFO - Sync 1 DAGs
[2025-06-27T07:53:20.477+0000] {logging_mixin.py:188} INFO - [2025-06-27T07:53:20.477+0000] {dag.py:3954} INFO - Setting next_dagrun for etl_reddit_pipeline to 2025-06-27 00:00:00+00:00, run_after=2025-06-28 00:00:00+00:00
[2025-06-27T07:53:20.492+0000] {processor.py:183} INFO - Processing /opt/airflow/dags/reddit_dag.py took 0.845 seconds
[2025-06-27T08:43:49.687+0000] {processor.py:161} INFO - Started process (PID=2195) to work on /opt/airflow/dags/reddit_dag.py
[2025-06-27T08:43:49.689+0000] {processor.py:830} INFO - Processing file /opt/airflow/dags/reddit_dag.py for tasks to queue
[2025-06-27T08:43:49.690+0000] {logging_mixin.py:188} INFO - [2025-06-27T08:43:49.690+0000] {dagbag.py:545} INFO - Filling up the DagBag from /opt/airflow/dags/reddit_dag.py
[2025-06-27T08:43:50.448+0000] {processor.py:840} INFO - DAG(s) 'etl_reddit_pipeline' retrieved from /opt/airflow/dags/reddit_dag.py
[2025-06-27T08:43:50.475+0000] {logging_mixin.py:188} INFO - [2025-06-27T08:43:50.475+0000] {dag.py:3096} INFO - Sync 1 DAGs
[2025-06-27T08:43:50.488+0000] {logging_mixin.py:188} INFO - [2025-06-27T08:43:50.488+0000] {dag.py:3954} INFO - Setting next_dagrun for etl_reddit_pipeline to 2025-06-27 00:00:00+00:00, run_after=2025-06-28 00:00:00+00:00
[2025-06-27T08:43:50.499+0000] {processor.py:183} INFO - Processing /opt/airflow/dags/reddit_dag.py took 0.830 seconds
[2025-06-27T09:44:27.711+0000] {processor.py:161} INFO - Started process (PID=2197) to work on /opt/airflow/dags/reddit_dag.py
[2025-06-27T09:44:27.717+0000] {processor.py:830} INFO - Processing file /opt/airflow/dags/reddit_dag.py for tasks to queue
[2025-06-27T09:44:27.722+0000] {logging_mixin.py:188} INFO - [2025-06-27T09:44:27.721+0000] {dagbag.py:545} INFO - Filling up the DagBag from /opt/airflow/dags/reddit_dag.py
[2025-06-27T09:44:28.493+0000] {processor.py:840} INFO - DAG(s) 'etl_reddit_pipeline' retrieved from /opt/airflow/dags/reddit_dag.py
[2025-06-27T09:44:28.522+0000] {logging_mixin.py:188} INFO - [2025-06-27T09:44:28.521+0000] {dag.py:3096} INFO - Sync 1 DAGs
[2025-06-27T09:44:28.536+0000] {logging_mixin.py:188} INFO - [2025-06-27T09:44:28.536+0000] {dag.py:3954} INFO - Setting next_dagrun for etl_reddit_pipeline to 2025-06-27 00:00:00+00:00, run_after=2025-06-28 00:00:00+00:00
[2025-06-27T09:44:28.546+0000] {processor.py:183} INFO - Processing /opt/airflow/dags/reddit_dag.py took 0.854 seconds
[2025-06-27T10:12:12.946+0000] {processor.py:161} INFO - Started process (PID=2199) to work on /opt/airflow/dags/reddit_dag.py
[2025-06-27T10:12:12.948+0000] {processor.py:830} INFO - Processing file /opt/airflow/dags/reddit_dag.py for tasks to queue
[2025-06-27T10:12:12.949+0000] {logging_mixin.py:188} INFO - [2025-06-27T10:12:12.949+0000] {dagbag.py:545} INFO - Filling up the DagBag from /opt/airflow/dags/reddit_dag.py
[2025-06-27T10:12:13.672+0000] {processor.py:840} INFO - DAG(s) 'etl_reddit_pipeline' retrieved from /opt/airflow/dags/reddit_dag.py
[2025-06-27T10:12:13.716+0000] {logging_mixin.py:188} INFO - [2025-06-27T10:12:13.715+0000] {dag.py:3096} INFO - Sync 1 DAGs
[2025-06-27T10:12:13.733+0000] {logging_mixin.py:188} INFO - [2025-06-27T10:12:13.733+0000] {dag.py:3954} INFO - Setting next_dagrun for etl_reddit_pipeline to 2025-06-27 00:00:00+00:00, run_after=2025-06-28 00:00:00+00:00
[2025-06-27T10:12:13.743+0000] {processor.py:183} INFO - Processing /opt/airflow/dags/reddit_dag.py took 0.814 seconds
[2025-06-27T10:56:30.423+0000] {processor.py:161} INFO - Started process (PID=2201) to work on /opt/airflow/dags/reddit_dag.py
[2025-06-27T10:56:30.425+0000] {processor.py:830} INFO - Processing file /opt/airflow/dags/reddit_dag.py for tasks to queue
[2025-06-27T10:56:30.428+0000] {logging_mixin.py:188} INFO - [2025-06-27T10:56:30.426+0000] {dagbag.py:545} INFO - Filling up the DagBag from /opt/airflow/dags/reddit_dag.py
[2025-06-27T10:56:30.942+0000] {processor.py:840} INFO - DAG(s) 'etl_reddit_pipeline' retrieved from /opt/airflow/dags/reddit_dag.py
[2025-06-27T10:56:30.956+0000] {logging_mixin.py:188} INFO - [2025-06-27T10:56:30.956+0000] {dag.py:3096} INFO - Sync 1 DAGs
[2025-06-27T10:56:30.969+0000] {logging_mixin.py:188} INFO - [2025-06-27T10:56:30.969+0000] {dag.py:3954} INFO - Setting next_dagrun for etl_reddit_pipeline to 2025-06-27 00:00:00+00:00, run_after=2025-06-28 00:00:00+00:00
[2025-06-27T10:56:30.976+0000] {processor.py:183} INFO - Processing /opt/airflow/dags/reddit_dag.py took 0.564 seconds
[2025-06-27T11:29:54.847+0000] {processor.py:161} INFO - Started process (PID=2203) to work on /opt/airflow/dags/reddit_dag.py
[2025-06-27T11:29:54.849+0000] {processor.py:830} INFO - Processing file /opt/airflow/dags/reddit_dag.py for tasks to queue
[2025-06-27T11:29:54.850+0000] {logging_mixin.py:188} INFO - [2025-06-27T11:29:54.850+0000] {dagbag.py:545} INFO - Filling up the DagBag from /opt/airflow/dags/reddit_dag.py
[2025-06-27T11:29:55.931+0000] {processor.py:840} INFO - DAG(s) 'etl_reddit_pipeline' retrieved from /opt/airflow/dags/reddit_dag.py
[2025-06-27T11:29:55.977+0000] {logging_mixin.py:188} INFO - [2025-06-27T11:29:55.976+0000] {dag.py:3096} INFO - Sync 1 DAGs
[2025-06-27T11:29:56.001+0000] {logging_mixin.py:188} INFO - [2025-06-27T11:29:56.001+0000] {dag.py:3954} INFO - Setting next_dagrun for etl_reddit_pipeline to 2025-06-27 00:00:00+00:00, run_after=2025-06-28 00:00:00+00:00
[2025-06-27T11:29:56.016+0000] {processor.py:183} INFO - Processing /opt/airflow/dags/reddit_dag.py took 1.183 seconds
[2025-06-27T11:57:33.086+0000] {processor.py:161} INFO - Started process (PID=2205) to work on /opt/airflow/dags/reddit_dag.py
[2025-06-27T11:57:33.089+0000] {processor.py:830} INFO - Processing file /opt/airflow/dags/reddit_dag.py for tasks to queue
[2025-06-27T11:57:33.093+0000] {logging_mixin.py:188} INFO - [2025-06-27T11:57:33.092+0000] {dagbag.py:545} INFO - Filling up the DagBag from /opt/airflow/dags/reddit_dag.py
[2025-06-27T11:57:33.714+0000] {processor.py:840} INFO - DAG(s) 'etl_reddit_pipeline' retrieved from /opt/airflow/dags/reddit_dag.py
[2025-06-27T11:57:33.734+0000] {logging_mixin.py:188} INFO - [2025-06-27T11:57:33.734+0000] {dag.py:3096} INFO - Sync 1 DAGs
[2025-06-27T11:57:33.745+0000] {logging_mixin.py:188} INFO - [2025-06-27T11:57:33.745+0000] {dag.py:3954} INFO - Setting next_dagrun for etl_reddit_pipeline to 2025-06-27 00:00:00+00:00, run_after=2025-06-28 00:00:00+00:00
[2025-06-27T11:57:33.756+0000] {processor.py:183} INFO - Processing /opt/airflow/dags/reddit_dag.py took 0.695 seconds
[2025-06-27T12:58:18.949+0000] {processor.py:161} INFO - Started process (PID=2207) to work on /opt/airflow/dags/reddit_dag.py
[2025-06-27T12:58:18.951+0000] {processor.py:830} INFO - Processing file /opt/airflow/dags/reddit_dag.py for tasks to queue
[2025-06-27T12:58:18.954+0000] {logging_mixin.py:188} INFO - [2025-06-27T12:58:18.953+0000] {dagbag.py:545} INFO - Filling up the DagBag from /opt/airflow/dags/reddit_dag.py
[2025-06-27T12:58:19.566+0000] {processor.py:840} INFO - DAG(s) 'etl_reddit_pipeline' retrieved from /opt/airflow/dags/reddit_dag.py
[2025-06-27T12:58:19.593+0000] {logging_mixin.py:188} INFO - [2025-06-27T12:58:19.593+0000] {dag.py:3096} INFO - Sync 1 DAGs
[2025-06-27T12:58:19.609+0000] {logging_mixin.py:188} INFO - [2025-06-27T12:58:19.609+0000] {dag.py:3954} INFO - Setting next_dagrun for etl_reddit_pipeline to 2025-06-27 00:00:00+00:00, run_after=2025-06-28 00:00:00+00:00
[2025-06-27T12:58:19.617+0000] {processor.py:183} INFO - Processing /opt/airflow/dags/reddit_dag.py took 0.686 seconds
[2025-06-27T13:10:15.221+0000] {processor.py:161} INFO - Started process (PID=2209) to work on /opt/airflow/dags/reddit_dag.py
[2025-06-27T13:10:15.222+0000] {processor.py:830} INFO - Processing file /opt/airflow/dags/reddit_dag.py for tasks to queue
[2025-06-27T13:10:15.223+0000] {logging_mixin.py:188} INFO - [2025-06-27T13:10:15.223+0000] {dagbag.py:545} INFO - Filling up the DagBag from /opt/airflow/dags/reddit_dag.py
[2025-06-27T13:10:15.902+0000] {processor.py:840} INFO - DAG(s) 'etl_reddit_pipeline' retrieved from /opt/airflow/dags/reddit_dag.py
[2025-06-27T13:10:15.931+0000] {logging_mixin.py:188} INFO - [2025-06-27T13:10:15.931+0000] {dag.py:3096} INFO - Sync 1 DAGs
[2025-06-27T13:10:15.944+0000] {logging_mixin.py:188} INFO - [2025-06-27T13:10:15.944+0000] {dag.py:3954} INFO - Setting next_dagrun for etl_reddit_pipeline to 2025-06-27 00:00:00+00:00, run_after=2025-06-28 00:00:00+00:00
[2025-06-27T13:10:15.954+0000] {processor.py:183} INFO - Processing /opt/airflow/dags/reddit_dag.py took 0.750 seconds
[2025-06-27T13:17:05.770+0000] {processor.py:161} INFO - Started process (PID=2211) to work on /opt/airflow/dags/reddit_dag.py
[2025-06-27T13:17:05.780+0000] {processor.py:830} INFO - Processing file /opt/airflow/dags/reddit_dag.py for tasks to queue
[2025-06-27T13:17:05.784+0000] {logging_mixin.py:188} INFO - [2025-06-27T13:17:05.782+0000] {dagbag.py:545} INFO - Filling up the DagBag from /opt/airflow/dags/reddit_dag.py
[2025-06-27T13:17:07.140+0000] {processor.py:840} INFO - DAG(s) 'etl_reddit_pipeline' retrieved from /opt/airflow/dags/reddit_dag.py
[2025-06-27T13:17:07.437+0000] {logging_mixin.py:188} INFO - [2025-06-27T13:17:07.435+0000] {dag.py:3096} INFO - Sync 1 DAGs
[2025-06-27T13:17:07.468+0000] {logging_mixin.py:188} INFO - [2025-06-27T13:17:07.468+0000] {dag.py:3954} INFO - Setting next_dagrun for etl_reddit_pipeline to 2025-06-27 00:00:00+00:00, run_after=2025-06-28 00:00:00+00:00
[2025-06-27T13:17:07.495+0000] {processor.py:183} INFO - Processing /opt/airflow/dags/reddit_dag.py took 1.843 seconds
[2025-06-27T13:17:37.975+0000] {processor.py:161} INFO - Started process (PID=2213) to work on /opt/airflow/dags/reddit_dag.py
[2025-06-27T13:17:37.982+0000] {processor.py:830} INFO - Processing file /opt/airflow/dags/reddit_dag.py for tasks to queue
[2025-06-27T13:17:37.988+0000] {logging_mixin.py:188} INFO - [2025-06-27T13:17:37.986+0000] {dagbag.py:545} INFO - Filling up the DagBag from /opt/airflow/dags/reddit_dag.py
[2025-06-27T13:17:39.618+0000] {processor.py:840} INFO - DAG(s) 'etl_reddit_pipeline' retrieved from /opt/airflow/dags/reddit_dag.py
[2025-06-27T13:17:39.654+0000] {logging_mixin.py:188} INFO - [2025-06-27T13:17:39.653+0000] {dag.py:3096} INFO - Sync 1 DAGs
[2025-06-27T13:17:39.670+0000] {logging_mixin.py:188} INFO - [2025-06-27T13:17:39.670+0000] {dag.py:3954} INFO - Setting next_dagrun for etl_reddit_pipeline to 2025-06-27 00:00:00+00:00, run_after=2025-06-28 00:00:00+00:00
[2025-06-27T13:17:39.679+0000] {processor.py:183} INFO - Processing /opt/airflow/dags/reddit_dag.py took 1.807 seconds
[2025-06-27T13:18:10.568+0000] {processor.py:161} INFO - Started process (PID=2215) to work on /opt/airflow/dags/reddit_dag.py
[2025-06-27T13:18:10.582+0000] {processor.py:830} INFO - Processing file /opt/airflow/dags/reddit_dag.py for tasks to queue
[2025-06-27T13:18:10.591+0000] {logging_mixin.py:188} INFO - [2025-06-27T13:18:10.589+0000] {dagbag.py:545} INFO - Filling up the DagBag from /opt/airflow/dags/reddit_dag.py
[2025-06-27T13:18:13.524+0000] {processor.py:840} INFO - DAG(s) 'etl_reddit_pipeline' retrieved from /opt/airflow/dags/reddit_dag.py
[2025-06-27T13:18:13.854+0000] {logging_mixin.py:188} INFO - [2025-06-27T13:18:13.851+0000] {dag.py:3096} INFO - Sync 1 DAGs
[2025-06-27T13:18:14.031+0000] {logging_mixin.py:188} INFO - [2025-06-27T13:18:14.030+0000] {dag.py:3954} INFO - Setting next_dagrun for etl_reddit_pipeline to 2025-06-27 00:00:00+00:00, run_after=2025-06-28 00:00:00+00:00
[2025-06-27T13:18:14.055+0000] {processor.py:183} INFO - Processing /opt/airflow/dags/reddit_dag.py took 3.600 seconds
[2025-06-27T13:18:49.142+0000] {processor.py:161} INFO - Started process (PID=2217) to work on /opt/airflow/dags/reddit_dag.py
[2025-06-27T13:18:49.287+0000] {processor.py:830} INFO - Processing file /opt/airflow/dags/reddit_dag.py for tasks to queue
[2025-06-27T13:18:49.369+0000] {logging_mixin.py:188} INFO - [2025-06-27T13:18:49.330+0000] {dagbag.py:545} INFO - Filling up the DagBag from /opt/airflow/dags/reddit_dag.py
[2025-06-27T13:19:13.673+0000] {processor.py:840} INFO - DAG(s) 'etl_reddit_pipeline' retrieved from /opt/airflow/dags/reddit_dag.py
[2025-06-27T13:19:14.414+0000] {logging_mixin.py:188} INFO - [2025-06-27T13:19:14.399+0000] {dag.py:3096} INFO - Sync 1 DAGs
[2025-06-27T13:19:14.590+0000] {logging_mixin.py:188} INFO - [2025-06-27T13:19:14.590+0000] {dag.py:3954} INFO - Setting next_dagrun for etl_reddit_pipeline to 2025-06-27 00:00:00+00:00, run_after=2025-06-28 00:00:00+00:00
[2025-06-27T13:19:14.765+0000] {processor.py:183} INFO - Processing /opt/airflow/dags/reddit_dag.py took 26.622 seconds
[2025-06-27T13:19:45.891+0000] {processor.py:161} INFO - Started process (PID=2219) to work on /opt/airflow/dags/reddit_dag.py
[2025-06-27T13:19:45.906+0000] {processor.py:830} INFO - Processing file /opt/airflow/dags/reddit_dag.py for tasks to queue
[2025-06-27T13:19:45.959+0000] {logging_mixin.py:188} INFO - [2025-06-27T13:19:45.935+0000] {dagbag.py:545} INFO - Filling up the DagBag from /opt/airflow/dags/reddit_dag.py
[2025-06-27T13:19:55.240+0000] {processor.py:840} INFO - DAG(s) 'etl_reddit_pipeline' retrieved from /opt/airflow/dags/reddit_dag.py
[2025-06-27T13:19:55.700+0000] {logging_mixin.py:188} INFO - [2025-06-27T13:19:55.697+0000] {dag.py:3096} INFO - Sync 1 DAGs
[2025-06-27T13:19:55.765+0000] {logging_mixin.py:188} INFO - [2025-06-27T13:19:55.765+0000] {dag.py:3954} INFO - Setting next_dagrun for etl_reddit_pipeline to 2025-06-27 00:00:00+00:00, run_after=2025-06-28 00:00:00+00:00
[2025-06-27T13:19:55.805+0000] {processor.py:183} INFO - Processing /opt/airflow/dags/reddit_dag.py took 10.074 seconds
[2025-06-27T13:20:27.081+0000] {processor.py:161} INFO - Started process (PID=2221) to work on /opt/airflow/dags/reddit_dag.py
[2025-06-27T13:20:27.087+0000] {processor.py:830} INFO - Processing file /opt/airflow/dags/reddit_dag.py for tasks to queue
[2025-06-27T13:20:27.097+0000] {logging_mixin.py:188} INFO - [2025-06-27T13:20:27.091+0000] {dagbag.py:545} INFO - Filling up the DagBag from /opt/airflow/dags/reddit_dag.py
[2025-06-27T13:20:29.969+0000] {processor.py:840} INFO - DAG(s) 'etl_reddit_pipeline' retrieved from /opt/airflow/dags/reddit_dag.py
[2025-06-27T13:20:30.117+0000] {logging_mixin.py:188} INFO - [2025-06-27T13:20:30.116+0000] {dag.py:3096} INFO - Sync 1 DAGs
[2025-06-27T13:20:30.167+0000] {logging_mixin.py:188} INFO - [2025-06-27T13:20:30.166+0000] {dag.py:3954} INFO - Setting next_dagrun for etl_reddit_pipeline to 2025-06-27 00:00:00+00:00, run_after=2025-06-28 00:00:00+00:00
[2025-06-27T13:20:30.229+0000] {processor.py:183} INFO - Processing /opt/airflow/dags/reddit_dag.py took 3.239 seconds
[2025-06-27T13:21:01.771+0000] {processor.py:161} INFO - Started process (PID=2223) to work on /opt/airflow/dags/reddit_dag.py
[2025-06-27T13:21:01.792+0000] {processor.py:830} INFO - Processing file /opt/airflow/dags/reddit_dag.py for tasks to queue
[2025-06-27T13:21:01.803+0000] {logging_mixin.py:188} INFO - [2025-06-27T13:21:01.796+0000] {dagbag.py:545} INFO - Filling up the DagBag from /opt/airflow/dags/reddit_dag.py
[2025-06-27T13:21:04.126+0000] {processor.py:840} INFO - DAG(s) 'etl_reddit_pipeline' retrieved from /opt/airflow/dags/reddit_dag.py
[2025-06-27T13:21:04.212+0000] {logging_mixin.py:188} INFO - [2025-06-27T13:21:04.211+0000] {dag.py:3096} INFO - Sync 1 DAGs
[2025-06-27T13:21:04.256+0000] {logging_mixin.py:188} INFO - [2025-06-27T13:21:04.256+0000] {dag.py:3954} INFO - Setting next_dagrun for etl_reddit_pipeline to 2025-06-27 00:00:00+00:00, run_after=2025-06-28 00:00:00+00:00
[2025-06-27T13:21:04.270+0000] {processor.py:183} INFO - Processing /opt/airflow/dags/reddit_dag.py took 2.645 seconds
[2025-06-27T13:21:34.968+0000] {processor.py:161} INFO - Started process (PID=2225) to work on /opt/airflow/dags/reddit_dag.py
[2025-06-27T13:21:34.973+0000] {processor.py:830} INFO - Processing file /opt/airflow/dags/reddit_dag.py for tasks to queue
[2025-06-27T13:21:35.001+0000] {logging_mixin.py:188} INFO - [2025-06-27T13:21:34.980+0000] {dagbag.py:545} INFO - Filling up the DagBag from /opt/airflow/dags/reddit_dag.py
[2025-06-27T13:21:38.636+0000] {processor.py:840} INFO - DAG(s) 'etl_reddit_pipeline' retrieved from /opt/airflow/dags/reddit_dag.py
[2025-06-27T13:21:38.693+0000] {logging_mixin.py:188} INFO - [2025-06-27T13:21:38.693+0000] {dag.py:3096} INFO - Sync 1 DAGs
[2025-06-27T13:21:38.730+0000] {logging_mixin.py:188} INFO - [2025-06-27T13:21:38.730+0000] {dag.py:3954} INFO - Setting next_dagrun for etl_reddit_pipeline to 2025-06-27 00:00:00+00:00, run_after=2025-06-28 00:00:00+00:00
[2025-06-27T13:21:38.744+0000] {processor.py:183} INFO - Processing /opt/airflow/dags/reddit_dag.py took 3.811 seconds
[2025-06-27T13:22:09.267+0000] {processor.py:161} INFO - Started process (PID=2227) to work on /opt/airflow/dags/reddit_dag.py
[2025-06-27T13:22:09.275+0000] {processor.py:830} INFO - Processing file /opt/airflow/dags/reddit_dag.py for tasks to queue
[2025-06-27T13:22:09.281+0000] {logging_mixin.py:188} INFO - [2025-06-27T13:22:09.278+0000] {dagbag.py:545} INFO - Filling up the DagBag from /opt/airflow/dags/reddit_dag.py
[2025-06-27T13:22:10.944+0000] {processor.py:840} INFO - DAG(s) 'etl_reddit_pipeline' retrieved from /opt/airflow/dags/reddit_dag.py
[2025-06-27T13:22:10.993+0000] {logging_mixin.py:188} INFO - [2025-06-27T13:22:10.993+0000] {dag.py:3096} INFO - Sync 1 DAGs
[2025-06-27T13:22:11.018+0000] {logging_mixin.py:188} INFO - [2025-06-27T13:22:11.017+0000] {dag.py:3954} INFO - Setting next_dagrun for etl_reddit_pipeline to 2025-06-27 00:00:00+00:00, run_after=2025-06-28 00:00:00+00:00
[2025-06-27T13:22:11.027+0000] {processor.py:183} INFO - Processing /opt/airflow/dags/reddit_dag.py took 1.904 seconds
[2025-06-27T13:22:41.783+0000] {processor.py:161} INFO - Started process (PID=2229) to work on /opt/airflow/dags/reddit_dag.py
[2025-06-27T13:22:41.815+0000] {processor.py:830} INFO - Processing file /opt/airflow/dags/reddit_dag.py for tasks to queue
[2025-06-27T13:22:41.858+0000] {logging_mixin.py:188} INFO - [2025-06-27T13:22:41.847+0000] {dagbag.py:545} INFO - Filling up the DagBag from /opt/airflow/dags/reddit_dag.py
[2025-06-27T13:22:44.397+0000] {processor.py:840} INFO - DAG(s) 'etl_reddit_pipeline' retrieved from /opt/airflow/dags/reddit_dag.py
[2025-06-27T13:22:44.533+0000] {logging_mixin.py:188} INFO - [2025-06-27T13:22:44.532+0000] {dag.py:3096} INFO - Sync 1 DAGs
[2025-06-27T13:22:44.558+0000] {logging_mixin.py:188} INFO - [2025-06-27T13:22:44.558+0000] {dag.py:3954} INFO - Setting next_dagrun for etl_reddit_pipeline to 2025-06-27 00:00:00+00:00, run_after=2025-06-28 00:00:00+00:00
[2025-06-27T13:22:44.568+0000] {processor.py:183} INFO - Processing /opt/airflow/dags/reddit_dag.py took 2.921 seconds
[2025-06-27T13:23:14.997+0000] {processor.py:161} INFO - Started process (PID=2231) to work on /opt/airflow/dags/reddit_dag.py
[2025-06-27T13:23:15.001+0000] {processor.py:830} INFO - Processing file /opt/airflow/dags/reddit_dag.py for tasks to queue
[2025-06-27T13:23:15.003+0000] {logging_mixin.py:188} INFO - [2025-06-27T13:23:15.003+0000] {dagbag.py:545} INFO - Filling up the DagBag from /opt/airflow/dags/reddit_dag.py
[2025-06-27T13:23:15.452+0000] {processor.py:840} INFO - DAG(s) 'etl_reddit_pipeline' retrieved from /opt/airflow/dags/reddit_dag.py
[2025-06-27T13:23:15.479+0000] {logging_mixin.py:188} INFO - [2025-06-27T13:23:15.479+0000] {dag.py:3096} INFO - Sync 1 DAGs
[2025-06-27T13:23:15.494+0000] {logging_mixin.py:188} INFO - [2025-06-27T13:23:15.493+0000] {dag.py:3954} INFO - Setting next_dagrun for etl_reddit_pipeline to 2025-06-27 00:00:00+00:00, run_after=2025-06-28 00:00:00+00:00
[2025-06-27T13:23:15.503+0000] {processor.py:183} INFO - Processing /opt/airflow/dags/reddit_dag.py took 0.518 seconds
[2025-06-27T13:23:45.859+0000] {processor.py:161} INFO - Started process (PID=2233) to work on /opt/airflow/dags/reddit_dag.py
[2025-06-27T13:23:45.862+0000] {processor.py:830} INFO - Processing file /opt/airflow/dags/reddit_dag.py for tasks to queue
[2025-06-27T13:23:45.864+0000] {logging_mixin.py:188} INFO - [2025-06-27T13:23:45.863+0000] {dagbag.py:545} INFO - Filling up the DagBag from /opt/airflow/dags/reddit_dag.py
[2025-06-27T13:23:46.621+0000] {processor.py:840} INFO - DAG(s) 'etl_reddit_pipeline' retrieved from /opt/airflow/dags/reddit_dag.py
[2025-06-27T13:23:46.660+0000] {logging_mixin.py:188} INFO - [2025-06-27T13:23:46.659+0000] {dag.py:3096} INFO - Sync 1 DAGs
[2025-06-27T13:23:46.678+0000] {logging_mixin.py:188} INFO - [2025-06-27T13:23:46.678+0000] {dag.py:3954} INFO - Setting next_dagrun for etl_reddit_pipeline to 2025-06-27 00:00:00+00:00, run_after=2025-06-28 00:00:00+00:00
[2025-06-27T13:23:46.686+0000] {processor.py:183} INFO - Processing /opt/airflow/dags/reddit_dag.py took 0.848 seconds
[2025-06-27T13:24:16.935+0000] {processor.py:161} INFO - Started process (PID=2235) to work on /opt/airflow/dags/reddit_dag.py
[2025-06-27T13:24:16.937+0000] {processor.py:830} INFO - Processing file /opt/airflow/dags/reddit_dag.py for tasks to queue
[2025-06-27T13:24:16.939+0000] {logging_mixin.py:188} INFO - [2025-06-27T13:24:16.938+0000] {dagbag.py:545} INFO - Filling up the DagBag from /opt/airflow/dags/reddit_dag.py
[2025-06-27T13:24:17.429+0000] {processor.py:840} INFO - DAG(s) 'etl_reddit_pipeline' retrieved from /opt/airflow/dags/reddit_dag.py
[2025-06-27T13:24:17.464+0000] {logging_mixin.py:188} INFO - [2025-06-27T13:24:17.463+0000] {dag.py:3096} INFO - Sync 1 DAGs
[2025-06-27T13:24:17.482+0000] {logging_mixin.py:188} INFO - [2025-06-27T13:24:17.481+0000] {dag.py:3954} INFO - Setting next_dagrun for etl_reddit_pipeline to 2025-06-27 00:00:00+00:00, run_after=2025-06-28 00:00:00+00:00
[2025-06-27T13:24:17.494+0000] {processor.py:183} INFO - Processing /opt/airflow/dags/reddit_dag.py took 0.582 seconds
[2025-06-27T13:24:47.798+0000] {processor.py:161} INFO - Started process (PID=2237) to work on /opt/airflow/dags/reddit_dag.py
[2025-06-27T13:24:47.799+0000] {processor.py:830} INFO - Processing file /opt/airflow/dags/reddit_dag.py for tasks to queue
[2025-06-27T13:24:47.800+0000] {logging_mixin.py:188} INFO - [2025-06-27T13:24:47.800+0000] {dagbag.py:545} INFO - Filling up the DagBag from /opt/airflow/dags/reddit_dag.py
[2025-06-27T13:24:48.312+0000] {processor.py:840} INFO - DAG(s) 'etl_reddit_pipeline' retrieved from /opt/airflow/dags/reddit_dag.py
[2025-06-27T13:24:48.335+0000] {logging_mixin.py:188} INFO - [2025-06-27T13:24:48.334+0000] {dag.py:3096} INFO - Sync 1 DAGs
[2025-06-27T13:24:48.347+0000] {logging_mixin.py:188} INFO - [2025-06-27T13:24:48.347+0000] {dag.py:3954} INFO - Setting next_dagrun for etl_reddit_pipeline to 2025-06-27 00:00:00+00:00, run_after=2025-06-28 00:00:00+00:00
[2025-06-27T13:24:48.356+0000] {processor.py:183} INFO - Processing /opt/airflow/dags/reddit_dag.py took 0.574 seconds
[2025-06-27T13:25:18.514+0000] {processor.py:161} INFO - Started process (PID=2239) to work on /opt/airflow/dags/reddit_dag.py
[2025-06-27T13:25:18.516+0000] {processor.py:830} INFO - Processing file /opt/airflow/dags/reddit_dag.py for tasks to queue
[2025-06-27T13:25:18.517+0000] {logging_mixin.py:188} INFO - [2025-06-27T13:25:18.516+0000] {dagbag.py:545} INFO - Filling up the DagBag from /opt/airflow/dags/reddit_dag.py
[2025-06-27T13:25:19.052+0000] {processor.py:840} INFO - DAG(s) 'etl_reddit_pipeline' retrieved from /opt/airflow/dags/reddit_dag.py
[2025-06-27T13:25:19.074+0000] {logging_mixin.py:188} INFO - [2025-06-27T13:25:19.074+0000] {dag.py:3096} INFO - Sync 1 DAGs
[2025-06-27T13:25:19.092+0000] {logging_mixin.py:188} INFO - [2025-06-27T13:25:19.092+0000] {dag.py:3954} INFO - Setting next_dagrun for etl_reddit_pipeline to 2025-06-27 00:00:00+00:00, run_after=2025-06-28 00:00:00+00:00
[2025-06-27T13:25:19.100+0000] {processor.py:183} INFO - Processing /opt/airflow/dags/reddit_dag.py took 0.603 seconds
[2025-06-27T13:25:49.380+0000] {processor.py:161} INFO - Started process (PID=2241) to work on /opt/airflow/dags/reddit_dag.py
[2025-06-27T13:25:49.382+0000] {processor.py:830} INFO - Processing file /opt/airflow/dags/reddit_dag.py for tasks to queue
[2025-06-27T13:25:49.383+0000] {logging_mixin.py:188} INFO - [2025-06-27T13:25:49.383+0000] {dagbag.py:545} INFO - Filling up the DagBag from /opt/airflow/dags/reddit_dag.py
[2025-06-27T13:25:49.815+0000] {processor.py:840} INFO - DAG(s) 'etl_reddit_pipeline' retrieved from /opt/airflow/dags/reddit_dag.py
[2025-06-27T13:25:49.839+0000] {logging_mixin.py:188} INFO - [2025-06-27T13:25:49.839+0000] {dag.py:3096} INFO - Sync 1 DAGs
[2025-06-27T13:25:49.850+0000] {logging_mixin.py:188} INFO - [2025-06-27T13:25:49.850+0000] {dag.py:3954} INFO - Setting next_dagrun for etl_reddit_pipeline to 2025-06-27 00:00:00+00:00, run_after=2025-06-28 00:00:00+00:00
[2025-06-27T13:25:49.858+0000] {processor.py:183} INFO - Processing /opt/airflow/dags/reddit_dag.py took 0.496 seconds
[2025-06-27T13:26:20.610+0000] {processor.py:161} INFO - Started process (PID=2243) to work on /opt/airflow/dags/reddit_dag.py
[2025-06-27T13:26:20.614+0000] {processor.py:830} INFO - Processing file /opt/airflow/dags/reddit_dag.py for tasks to queue
[2025-06-27T13:26:20.617+0000] {logging_mixin.py:188} INFO - [2025-06-27T13:26:20.615+0000] {dagbag.py:545} INFO - Filling up the DagBag from /opt/airflow/dags/reddit_dag.py
[2025-06-27T13:26:24.457+0000] {processor.py:840} INFO - DAG(s) 'etl_reddit_pipeline' retrieved from /opt/airflow/dags/reddit_dag.py
[2025-06-27T13:26:24.566+0000] {logging_mixin.py:188} INFO - [2025-06-27T13:26:24.565+0000] {dag.py:3096} INFO - Sync 1 DAGs
[2025-06-27T13:26:24.586+0000] {logging_mixin.py:188} INFO - [2025-06-27T13:26:24.586+0000] {dag.py:3954} INFO - Setting next_dagrun for etl_reddit_pipeline to 2025-06-27 00:00:00+00:00, run_after=2025-06-28 00:00:00+00:00
[2025-06-27T13:26:24.605+0000] {processor.py:183} INFO - Processing /opt/airflow/dags/reddit_dag.py took 4.056 seconds
[2025-06-27T14:50:38.216+0000] {processor.py:161} INFO - Started process (PID=2245) to work on /opt/airflow/dags/reddit_dag.py
[2025-06-27T14:50:38.229+0000] {processor.py:830} INFO - Processing file /opt/airflow/dags/reddit_dag.py for tasks to queue
[2025-06-27T14:50:38.240+0000] {logging_mixin.py:188} INFO - [2025-06-27T14:50:38.237+0000] {dagbag.py:545} INFO - Filling up the DagBag from /opt/airflow/dags/reddit_dag.py
[2025-06-27T14:50:39.789+0000] {processor.py:840} INFO - DAG(s) 'etl_reddit_pipeline' retrieved from /opt/airflow/dags/reddit_dag.py
[2025-06-27T14:50:39.872+0000] {logging_mixin.py:188} INFO - [2025-06-27T14:50:39.872+0000] {dag.py:3096} INFO - Sync 1 DAGs
[2025-06-27T14:50:39.896+0000] {logging_mixin.py:188} INFO - [2025-06-27T14:50:39.896+0000] {dag.py:3954} INFO - Setting next_dagrun for etl_reddit_pipeline to 2025-06-27 00:00:00+00:00, run_after=2025-06-28 00:00:00+00:00
[2025-06-27T14:50:39.913+0000] {processor.py:183} INFO - Processing /opt/airflow/dags/reddit_dag.py took 1.762 seconds
[2025-06-27T15:27:22.359+0000] {processor.py:161} INFO - Started process (PID=2247) to work on /opt/airflow/dags/reddit_dag.py
[2025-06-27T15:27:22.405+0000] {processor.py:830} INFO - Processing file /opt/airflow/dags/reddit_dag.py for tasks to queue
[2025-06-27T15:27:22.420+0000] {logging_mixin.py:188} INFO - [2025-06-27T15:27:22.419+0000] {dagbag.py:545} INFO - Filling up the DagBag from /opt/airflow/dags/reddit_dag.py
[2025-06-27T15:27:24.131+0000] {processor.py:840} INFO - DAG(s) 'etl_reddit_pipeline' retrieved from /opt/airflow/dags/reddit_dag.py
[2025-06-27T15:27:24.209+0000] {logging_mixin.py:188} INFO - [2025-06-27T15:27:24.208+0000] {dag.py:3096} INFO - Sync 1 DAGs
[2025-06-27T15:27:24.221+0000] {logging_mixin.py:188} INFO - [2025-06-27T15:27:24.221+0000] {dag.py:3954} INFO - Setting next_dagrun for etl_reddit_pipeline to 2025-06-27 00:00:00+00:00, run_after=2025-06-28 00:00:00+00:00
[2025-06-27T15:27:24.234+0000] {processor.py:183} INFO - Processing /opt/airflow/dags/reddit_dag.py took 1.895 seconds
[2025-06-27T16:00:25.957+0000] {processor.py:161} INFO - Started process (PID=2249) to work on /opt/airflow/dags/reddit_dag.py
[2025-06-27T16:00:25.959+0000] {processor.py:830} INFO - Processing file /opt/airflow/dags/reddit_dag.py for tasks to queue
[2025-06-27T16:00:25.961+0000] {logging_mixin.py:188} INFO - [2025-06-27T16:00:25.960+0000] {dagbag.py:545} INFO - Filling up the DagBag from /opt/airflow/dags/reddit_dag.py
[2025-06-27T16:00:26.730+0000] {processor.py:840} INFO - DAG(s) 'etl_reddit_pipeline' retrieved from /opt/airflow/dags/reddit_dag.py
[2025-06-27T16:00:26.767+0000] {logging_mixin.py:188} INFO - [2025-06-27T16:00:26.767+0000] {dag.py:3096} INFO - Sync 1 DAGs
[2025-06-27T16:00:26.782+0000] {logging_mixin.py:188} INFO - [2025-06-27T16:00:26.782+0000] {dag.py:3954} INFO - Setting next_dagrun for etl_reddit_pipeline to 2025-06-27 00:00:00+00:00, run_after=2025-06-28 00:00:00+00:00
[2025-06-27T16:00:26.792+0000] {processor.py:183} INFO - Processing /opt/airflow/dags/reddit_dag.py took 0.850 seconds
[2025-06-27T16:16:21.217+0000] {processor.py:161} INFO - Started process (PID=2251) to work on /opt/airflow/dags/reddit_dag.py
[2025-06-27T16:16:21.218+0000] {processor.py:830} INFO - Processing file /opt/airflow/dags/reddit_dag.py for tasks to queue
[2025-06-27T16:16:21.221+0000] {logging_mixin.py:188} INFO - [2025-06-27T16:16:21.219+0000] {dagbag.py:545} INFO - Filling up the DagBag from /opt/airflow/dags/reddit_dag.py
[2025-06-27T16:16:21.875+0000] {processor.py:840} INFO - DAG(s) 'etl_reddit_pipeline' retrieved from /opt/airflow/dags/reddit_dag.py
[2025-06-27T16:16:21.903+0000] {logging_mixin.py:188} INFO - [2025-06-27T16:16:21.903+0000] {dag.py:3096} INFO - Sync 1 DAGs
[2025-06-27T16:16:21.923+0000] {logging_mixin.py:188} INFO - [2025-06-27T16:16:21.923+0000] {dag.py:3954} INFO - Setting next_dagrun for etl_reddit_pipeline to 2025-06-27 00:00:00+00:00, run_after=2025-06-28 00:00:00+00:00
[2025-06-27T16:16:21.930+0000] {processor.py:183} INFO - Processing /opt/airflow/dags/reddit_dag.py took 0.737 seconds
[2025-06-27T16:28:20.053+0000] {processor.py:161} INFO - Started process (PID=2253) to work on /opt/airflow/dags/reddit_dag.py
[2025-06-27T16:28:20.055+0000] {processor.py:830} INFO - Processing file /opt/airflow/dags/reddit_dag.py for tasks to queue
[2025-06-27T16:28:20.058+0000] {logging_mixin.py:188} INFO - [2025-06-27T16:28:20.058+0000] {dagbag.py:545} INFO - Filling up the DagBag from /opt/airflow/dags/reddit_dag.py
[2025-06-27T16:28:20.838+0000] {processor.py:840} INFO - DAG(s) 'etl_reddit_pipeline' retrieved from /opt/airflow/dags/reddit_dag.py
[2025-06-27T16:28:20.859+0000] {logging_mixin.py:188} INFO - [2025-06-27T16:28:20.859+0000] {dag.py:3096} INFO - Sync 1 DAGs
[2025-06-27T16:28:20.870+0000] {logging_mixin.py:188} INFO - [2025-06-27T16:28:20.870+0000] {dag.py:3954} INFO - Setting next_dagrun for etl_reddit_pipeline to 2025-06-27 00:00:00+00:00, run_after=2025-06-28 00:00:00+00:00
[2025-06-27T16:28:20.878+0000] {processor.py:183} INFO - Processing /opt/airflow/dags/reddit_dag.py took 0.847 seconds
[2025-06-27T17:29:10.799+0000] {processor.py:161} INFO - Started process (PID=2255) to work on /opt/airflow/dags/reddit_dag.py
[2025-06-27T17:29:10.802+0000] {processor.py:830} INFO - Processing file /opt/airflow/dags/reddit_dag.py for tasks to queue
[2025-06-27T17:29:10.806+0000] {logging_mixin.py:188} INFO - [2025-06-27T17:29:10.804+0000] {dagbag.py:545} INFO - Filling up the DagBag from /opt/airflow/dags/reddit_dag.py
[2025-06-27T17:29:11.582+0000] {processor.py:840} INFO - DAG(s) 'etl_reddit_pipeline' retrieved from /opt/airflow/dags/reddit_dag.py
[2025-06-27T17:29:11.626+0000] {logging_mixin.py:188} INFO - [2025-06-27T17:29:11.622+0000] {dag.py:3096} INFO - Sync 1 DAGs
[2025-06-27T17:29:11.649+0000] {logging_mixin.py:188} INFO - [2025-06-27T17:29:11.649+0000] {dag.py:3954} INFO - Setting next_dagrun for etl_reddit_pipeline to 2025-06-27 00:00:00+00:00, run_after=2025-06-28 00:00:00+00:00
[2025-06-27T17:29:11.662+0000] {processor.py:183} INFO - Processing /opt/airflow/dags/reddit_dag.py took 0.937 seconds
[2025-06-27T17:29:41.990+0000] {processor.py:161} INFO - Started process (PID=2257) to work on /opt/airflow/dags/reddit_dag.py
[2025-06-27T17:29:41.992+0000] {processor.py:830} INFO - Processing file /opt/airflow/dags/reddit_dag.py for tasks to queue
[2025-06-27T17:29:41.993+0000] {logging_mixin.py:188} INFO - [2025-06-27T17:29:41.993+0000] {dagbag.py:545} INFO - Filling up the DagBag from /opt/airflow/dags/reddit_dag.py
[2025-06-27T17:29:42.513+0000] {processor.py:840} INFO - DAG(s) 'etl_reddit_pipeline' retrieved from /opt/airflow/dags/reddit_dag.py
[2025-06-27T17:29:42.536+0000] {logging_mixin.py:188} INFO - [2025-06-27T17:29:42.536+0000] {dag.py:3096} INFO - Sync 1 DAGs
[2025-06-27T17:29:42.549+0000] {logging_mixin.py:188} INFO - [2025-06-27T17:29:42.549+0000] {dag.py:3954} INFO - Setting next_dagrun for etl_reddit_pipeline to 2025-06-27 00:00:00+00:00, run_after=2025-06-28 00:00:00+00:00
[2025-06-27T17:29:42.557+0000] {processor.py:183} INFO - Processing /opt/airflow/dags/reddit_dag.py took 0.578 seconds
[2025-06-27T18:19:02.738+0000] {processor.py:161} INFO - Started process (PID=2259) to work on /opt/airflow/dags/reddit_dag.py
[2025-06-27T18:19:02.740+0000] {processor.py:830} INFO - Processing file /opt/airflow/dags/reddit_dag.py for tasks to queue
[2025-06-27T18:19:02.742+0000] {logging_mixin.py:188} INFO - [2025-06-27T18:19:02.741+0000] {dagbag.py:545} INFO - Filling up the DagBag from /opt/airflow/dags/reddit_dag.py
[2025-06-27T18:19:03.329+0000] {processor.py:840} INFO - DAG(s) 'etl_reddit_pipeline' retrieved from /opt/airflow/dags/reddit_dag.py
[2025-06-27T18:19:03.357+0000] {logging_mixin.py:188} INFO - [2025-06-27T18:19:03.357+0000] {dag.py:3096} INFO - Sync 1 DAGs
[2025-06-27T18:19:03.371+0000] {logging_mixin.py:188} INFO - [2025-06-27T18:19:03.371+0000] {dag.py:3954} INFO - Setting next_dagrun for etl_reddit_pipeline to 2025-06-27 00:00:00+00:00, run_after=2025-06-28 00:00:00+00:00
[2025-06-27T18:19:03.388+0000] {processor.py:183} INFO - Processing /opt/airflow/dags/reddit_dag.py took 0.666 seconds
[2025-06-27T18:30:37.092+0000] {processor.py:161} INFO - Started process (PID=2261) to work on /opt/airflow/dags/reddit_dag.py
[2025-06-27T18:30:37.095+0000] {processor.py:830} INFO - Processing file /opt/airflow/dags/reddit_dag.py for tasks to queue
[2025-06-27T18:30:37.097+0000] {logging_mixin.py:188} INFO - [2025-06-27T18:30:37.096+0000] {dagbag.py:545} INFO - Filling up the DagBag from /opt/airflow/dags/reddit_dag.py
[2025-06-27T18:30:38.439+0000] {processor.py:840} INFO - DAG(s) 'etl_reddit_pipeline' retrieved from /opt/airflow/dags/reddit_dag.py
[2025-06-27T18:30:38.472+0000] {logging_mixin.py:188} INFO - [2025-06-27T18:30:38.472+0000] {dag.py:3096} INFO - Sync 1 DAGs
[2025-06-27T18:30:38.489+0000] {logging_mixin.py:188} INFO - [2025-06-27T18:30:38.489+0000] {dag.py:3954} INFO - Setting next_dagrun for etl_reddit_pipeline to 2025-06-27 00:00:00+00:00, run_after=2025-06-28 00:00:00+00:00
[2025-06-27T18:30:38.497+0000] {processor.py:183} INFO - Processing /opt/airflow/dags/reddit_dag.py took 1.422 seconds
[2025-06-27T19:31:18.551+0000] {processor.py:161} INFO - Started process (PID=2263) to work on /opt/airflow/dags/reddit_dag.py
[2025-06-27T19:31:18.556+0000] {processor.py:830} INFO - Processing file /opt/airflow/dags/reddit_dag.py for tasks to queue
[2025-06-27T19:31:18.557+0000] {logging_mixin.py:188} INFO - [2025-06-27T19:31:18.557+0000] {dagbag.py:545} INFO - Filling up the DagBag from /opt/airflow/dags/reddit_dag.py
[2025-06-27T19:31:19.278+0000] {processor.py:840} INFO - DAG(s) 'etl_reddit_pipeline' retrieved from /opt/airflow/dags/reddit_dag.py
[2025-06-27T19:31:19.306+0000] {logging_mixin.py:188} INFO - [2025-06-27T19:31:19.306+0000] {dag.py:3096} INFO - Sync 1 DAGs
[2025-06-27T19:31:19.315+0000] {logging_mixin.py:188} INFO - [2025-06-27T19:31:19.315+0000] {dag.py:3954} INFO - Setting next_dagrun for etl_reddit_pipeline to 2025-06-27 00:00:00+00:00, run_after=2025-06-28 00:00:00+00:00
[2025-06-27T19:31:19.323+0000] {processor.py:183} INFO - Processing /opt/airflow/dags/reddit_dag.py took 0.797 seconds
[2025-06-27T20:32:23.401+0000] {processor.py:161} INFO - Started process (PID=2265) to work on /opt/airflow/dags/reddit_dag.py
[2025-06-27T20:32:23.403+0000] {processor.py:830} INFO - Processing file /opt/airflow/dags/reddit_dag.py for tasks to queue
[2025-06-27T20:32:23.405+0000] {logging_mixin.py:188} INFO - [2025-06-27T20:32:23.404+0000] {dagbag.py:545} INFO - Filling up the DagBag from /opt/airflow/dags/reddit_dag.py
[2025-06-27T20:32:23.923+0000] {processor.py:840} INFO - DAG(s) 'etl_reddit_pipeline' retrieved from /opt/airflow/dags/reddit_dag.py
[2025-06-27T20:32:23.949+0000] {logging_mixin.py:188} INFO - [2025-06-27T20:32:23.948+0000] {dag.py:3096} INFO - Sync 1 DAGs
[2025-06-27T20:32:23.966+0000] {logging_mixin.py:188} INFO - [2025-06-27T20:32:23.966+0000] {dag.py:3954} INFO - Setting next_dagrun for etl_reddit_pipeline to 2025-06-27 00:00:00+00:00, run_after=2025-06-28 00:00:00+00:00
[2025-06-27T20:32:23.983+0000] {processor.py:183} INFO - Processing /opt/airflow/dags/reddit_dag.py took 0.594 seconds
[2025-06-27T21:23:08.472+0000] {processor.py:161} INFO - Started process (PID=2267) to work on /opt/airflow/dags/reddit_dag.py
[2025-06-27T21:23:08.474+0000] {processor.py:830} INFO - Processing file /opt/airflow/dags/reddit_dag.py for tasks to queue
[2025-06-27T21:23:08.476+0000] {logging_mixin.py:188} INFO - [2025-06-27T21:23:08.475+0000] {dagbag.py:545} INFO - Filling up the DagBag from /opt/airflow/dags/reddit_dag.py
[2025-06-27T21:23:09.046+0000] {processor.py:840} INFO - DAG(s) 'etl_reddit_pipeline' retrieved from /opt/airflow/dags/reddit_dag.py
[2025-06-27T21:23:09.076+0000] {logging_mixin.py:188} INFO - [2025-06-27T21:23:09.076+0000] {dag.py:3096} INFO - Sync 1 DAGs
[2025-06-27T21:23:09.096+0000] {logging_mixin.py:188} INFO - [2025-06-27T21:23:09.095+0000] {dag.py:3954} INFO - Setting next_dagrun for etl_reddit_pipeline to 2025-06-27 00:00:00+00:00, run_after=2025-06-28 00:00:00+00:00
[2025-06-27T21:23:09.108+0000] {processor.py:183} INFO - Processing /opt/airflow/dags/reddit_dag.py took 0.646 seconds
[2025-06-27T21:33:25.995+0000] {processor.py:161} INFO - Started process (PID=2269) to work on /opt/airflow/dags/reddit_dag.py
[2025-06-27T21:33:25.998+0000] {processor.py:830} INFO - Processing file /opt/airflow/dags/reddit_dag.py for tasks to queue
[2025-06-27T21:33:26.001+0000] {logging_mixin.py:188} INFO - [2025-06-27T21:33:26.000+0000] {dagbag.py:545} INFO - Filling up the DagBag from /opt/airflow/dags/reddit_dag.py
[2025-06-27T21:33:26.475+0000] {processor.py:840} INFO - DAG(s) 'etl_reddit_pipeline' retrieved from /opt/airflow/dags/reddit_dag.py
[2025-06-27T21:33:26.500+0000] {logging_mixin.py:188} INFO - [2025-06-27T21:33:26.499+0000] {dag.py:3096} INFO - Sync 1 DAGs
[2025-06-27T21:33:26.511+0000] {logging_mixin.py:188} INFO - [2025-06-27T21:33:26.511+0000] {dag.py:3954} INFO - Setting next_dagrun for etl_reddit_pipeline to 2025-06-27 00:00:00+00:00, run_after=2025-06-28 00:00:00+00:00
[2025-06-27T21:33:26.523+0000] {processor.py:183} INFO - Processing /opt/airflow/dags/reddit_dag.py took 0.537 seconds
[2025-06-27T22:34:16.561+0000] {processor.py:161} INFO - Started process (PID=2271) to work on /opt/airflow/dags/reddit_dag.py
[2025-06-27T22:34:16.562+0000] {processor.py:830} INFO - Processing file /opt/airflow/dags/reddit_dag.py for tasks to queue
[2025-06-27T22:34:16.563+0000] {logging_mixin.py:188} INFO - [2025-06-27T22:34:16.563+0000] {dagbag.py:545} INFO - Filling up the DagBag from /opt/airflow/dags/reddit_dag.py
[2025-06-27T22:34:17.035+0000] {processor.py:840} INFO - DAG(s) 'etl_reddit_pipeline' retrieved from /opt/airflow/dags/reddit_dag.py
[2025-06-27T22:34:17.068+0000] {logging_mixin.py:188} INFO - [2025-06-27T22:34:17.068+0000] {dag.py:3096} INFO - Sync 1 DAGs
[2025-06-27T22:34:17.089+0000] {logging_mixin.py:188} INFO - [2025-06-27T22:34:17.089+0000] {dag.py:3954} INFO - Setting next_dagrun for etl_reddit_pipeline to 2025-06-27 00:00:00+00:00, run_after=2025-06-28 00:00:00+00:00
[2025-06-27T22:34:17.100+0000] {processor.py:183} INFO - Processing /opt/airflow/dags/reddit_dag.py took 0.549 seconds
[2025-06-27T23:35:12.481+0000] {processor.py:161} INFO - Started process (PID=2273) to work on /opt/airflow/dags/reddit_dag.py
[2025-06-27T23:35:12.485+0000] {processor.py:830} INFO - Processing file /opt/airflow/dags/reddit_dag.py for tasks to queue
[2025-06-27T23:35:12.487+0000] {logging_mixin.py:188} INFO - [2025-06-27T23:35:12.486+0000] {dagbag.py:545} INFO - Filling up the DagBag from /opt/airflow/dags/reddit_dag.py
[2025-06-27T23:35:12.963+0000] {processor.py:840} INFO - DAG(s) 'etl_reddit_pipeline' retrieved from /opt/airflow/dags/reddit_dag.py
[2025-06-27T23:35:12.975+0000] {logging_mixin.py:188} INFO - [2025-06-27T23:35:12.975+0000] {dag.py:3096} INFO - Sync 1 DAGs
[2025-06-27T23:35:12.987+0000] {logging_mixin.py:188} INFO - [2025-06-27T23:35:12.986+0000] {dag.py:3954} INFO - Setting next_dagrun for etl_reddit_pipeline to 2025-06-27 00:00:00+00:00, run_after=2025-06-28 00:00:00+00:00
[2025-06-27T23:35:12.995+0000] {processor.py:183} INFO - Processing /opt/airflow/dags/reddit_dag.py took 0.526 seconds
