[2025-06-29T01:06:59.890+0000] {local_task_job_runner.py:120} INFO - ::group::Pre task execution logs
[2025-06-29T01:06:59.967+0000] {taskinstance.py:2076} INFO - Dependencies all met for dep_context=non-requeueable deps ti=<TaskInstance: etl_reddit_pipeline.reddit_extraction scheduled__2025-06-28T00:00:00+00:00 [queued]>
[2025-06-29T01:06:59.982+0000] {taskinstance.py:2076} INFO - Dependencies all met for dep_context=requeueable deps ti=<TaskInstance: etl_reddit_pipeline.reddit_extraction scheduled__2025-06-28T00:00:00+00:00 [queued]>
[2025-06-29T01:06:59.984+0000] {taskinstance.py:2306} INFO - Starting attempt 1 of 1
[2025-06-29T01:07:00.010+0000] {taskinstance.py:2330} INFO - Executing <Task(PythonOperator): reddit_extraction> on 2025-06-28 00:00:00+00:00
[2025-06-29T01:07:00.027+0000] {standard_task_runner.py:63} INFO - Started process 50 to run task
[2025-06-29T01:07:00.032+0000] {standard_task_runner.py:90} INFO - Running: ['airflow', 'tasks', 'run', 'etl_reddit_pipeline', 'reddit_extraction', 'scheduled__2025-06-28T00:00:00+00:00', '--job-id', '26', '--raw', '--subdir', 'DAGS_FOLDER/reddit_dag.py', '--cfg-path', '/tmp/tmp7tndco1s']
[2025-06-29T01:07:00.035+0000] {standard_task_runner.py:91} INFO - Job 26: Subtask reddit_extraction
[2025-06-29T01:07:00.363+0000] {task_command.py:426} INFO - Running <TaskInstance: etl_reddit_pipeline.reddit_extraction scheduled__2025-06-28T00:00:00+00:00 [running]> on host 40eb3c0b9201
[2025-06-29T01:07:00.710+0000] {taskinstance.py:2648} INFO - Exporting env vars: AIRFLOW_CTX_DAG_OWNER='naspuka' AIRFLOW_CTX_DAG_ID='etl_reddit_pipeline' AIRFLOW_CTX_TASK_ID='reddit_extraction' AIRFLOW_CTX_EXECUTION_DATE='2025-06-28T00:00:00+00:00' AIRFLOW_CTX_TRY_NUMBER='1' AIRFLOW_CTX_DAG_RUN_ID='scheduled__2025-06-28T00:00:00+00:00'
[2025-06-29T01:07:00.718+0000] {taskinstance.py:430} INFO - ::endgroup::
[2025-06-29T01:07:01.040+0000] {logging_mixin.py:188} INFO - connected to reddit
[2025-06-29T01:07:01.747+0000] {python.py:237} INFO - Done. Returned value was: /opt/airflow/data/output/reddit_20250629.csv
[2025-06-29T01:07:01.748+0000] {taskinstance.py:441} INFO - ::group::Post task execution logs
[2025-06-29T01:07:01.815+0000] {taskinstance.py:1206} INFO - Marking task as SUCCESS. dag_id=etl_reddit_pipeline, task_id=reddit_extraction, run_id=scheduled__2025-06-28T00:00:00+00:00, execution_date=20250628T000000, start_date=20250629T010659, end_date=20250629T010701
[2025-06-29T01:07:01.867+0000] {local_task_job_runner.py:240} INFO - Task exited with return code 0
[2025-06-29T01:07:01.898+0000] {taskinstance.py:3498} INFO - 1 downstream tasks scheduled from follow-on schedule check
[2025-06-29T01:07:01.899+0000] {local_task_job_runner.py:222} INFO - ::endgroup::
[2025-06-29T09:54:18.712+0000] {local_task_job_runner.py:120} INFO - ::group::Pre task execution logs
[2025-06-29T09:54:18.756+0000] {taskinstance.py:2076} INFO - Dependencies all met for dep_context=non-requeueable deps ti=<TaskInstance: etl_reddit_pipeline.reddit_extraction scheduled__2025-06-28T00:00:00+00:00 [queued]>
[2025-06-29T09:54:18.763+0000] {taskinstance.py:2076} INFO - Dependencies all met for dep_context=requeueable deps ti=<TaskInstance: etl_reddit_pipeline.reddit_extraction scheduled__2025-06-28T00:00:00+00:00 [queued]>
[2025-06-29T09:54:18.767+0000] {taskinstance.py:2306} INFO - Starting attempt 1 of 1
[2025-06-29T09:54:18.784+0000] {taskinstance.py:2330} INFO - Executing <Task(PythonOperator): reddit_extraction> on 2025-06-28 00:00:00+00:00
[2025-06-29T09:54:18.790+0000] {standard_task_runner.py:63} INFO - Started process 50 to run task
[2025-06-29T09:54:18.798+0000] {standard_task_runner.py:90} INFO - Running: ['airflow', 'tasks', 'run', 'etl_reddit_pipeline', 'reddit_extraction', 'scheduled__2025-06-28T00:00:00+00:00', '--job-id', '2', '--raw', '--subdir', 'DAGS_FOLDER/reddit_dag.py', '--cfg-path', '/tmp/tmpbbwmdwg4']
[2025-06-29T09:54:18.810+0000] {standard_task_runner.py:91} INFO - Job 2: Subtask reddit_extraction
[2025-06-29T09:54:18.870+0000] {task_command.py:426} INFO - Running <TaskInstance: etl_reddit_pipeline.reddit_extraction scheduled__2025-06-28T00:00:00+00:00 [running]> on host b1203407efc8
[2025-06-29T09:54:18.982+0000] {taskinstance.py:2648} INFO - Exporting env vars: AIRFLOW_CTX_DAG_OWNER='naspuka' AIRFLOW_CTX_DAG_ID='etl_reddit_pipeline' AIRFLOW_CTX_TASK_ID='reddit_extraction' AIRFLOW_CTX_EXECUTION_DATE='2025-06-28T00:00:00+00:00' AIRFLOW_CTX_TRY_NUMBER='1' AIRFLOW_CTX_DAG_RUN_ID='scheduled__2025-06-28T00:00:00+00:00'
[2025-06-29T09:54:18.984+0000] {taskinstance.py:430} INFO - ::endgroup::
[2025-06-29T09:54:19.217+0000] {logging_mixin.py:188} INFO - connected to reddit
[2025-06-29T09:54:20.291+0000] {python.py:237} INFO - Done. Returned value was: /opt/airflow/data/output/reddit_20250629.csv
[2025-06-29T09:54:20.297+0000] {taskinstance.py:441} INFO - ::group::Post task execution logs
[2025-06-29T09:54:20.382+0000] {taskinstance.py:1206} INFO - Marking task as SUCCESS. dag_id=etl_reddit_pipeline, task_id=reddit_extraction, run_id=scheduled__2025-06-28T00:00:00+00:00, execution_date=20250628T000000, start_date=20250629T095418, end_date=20250629T095420
[2025-06-29T09:54:20.433+0000] {local_task_job_runner.py:240} INFO - Task exited with return code 0
[2025-06-29T09:54:20.496+0000] {taskinstance.py:3498} INFO - 1 downstream tasks scheduled from follow-on schedule check
[2025-06-29T09:54:20.497+0000] {local_task_job_runner.py:222} INFO - ::endgroup::
