[2025-06-25T21:23:34.661+0000] {local_task_job_runner.py:120} INFO - ::group::Pre task execution logs
[2025-06-25T21:23:34.683+0000] {taskinstance.py:2076} INFO - Dependencies all met for dep_context=non-requeueable deps ti=<TaskInstance: etl_reddit_pipeline.reddit_extraction manual__2025-06-25T21:23:25.234525+00:00 [queued]>
[2025-06-25T21:23:34.686+0000] {taskinstance.py:2076} INFO - Dependencies all met for dep_context=requeueable deps ti=<TaskInstance: etl_reddit_pipeline.reddit_extraction manual__2025-06-25T21:23:25.234525+00:00 [queued]>
[2025-06-25T21:23:34.687+0000] {taskinstance.py:2306} INFO - Starting attempt 1 of 1
[2025-06-25T21:23:34.695+0000] {taskinstance.py:2330} INFO - Executing <Task(PythonOperator): reddit_extraction> on 2025-06-25 21:23:25.234525+00:00
[2025-06-25T21:23:34.735+0000] {standard_task_runner.py:63} INFO - Started process 54 to run task
[2025-06-25T21:23:34.741+0000] {standard_task_runner.py:90} INFO - Running: ['airflow', 'tasks', 'run', 'etl_reddit_pipeline', 'reddit_extraction', 'manual__2025-06-25T21:23:25.234525+00:00', '--job-id', '14', '--raw', '--subdir', 'DAGS_FOLDER/reddit_dag.py', '--cfg-path', '/tmp/tmpcf4r9mjf']
[2025-06-25T21:23:34.752+0000] {standard_task_runner.py:91} INFO - Job 14: Subtask reddit_extraction
[2025-06-25T21:23:34.874+0000] {task_command.py:426} INFO - Running <TaskInstance: etl_reddit_pipeline.reddit_extraction manual__2025-06-25T21:23:25.234525+00:00 [running]> on host 0e28f0019673
[2025-06-25T21:23:35.028+0000] {taskinstance.py:2648} INFO - Exporting env vars: AIRFLOW_CTX_DAG_OWNER='naspuka' AIRFLOW_CTX_DAG_ID='etl_reddit_pipeline' AIRFLOW_CTX_TASK_ID='reddit_extraction' AIRFLOW_CTX_EXECUTION_DATE='2025-06-25T21:23:25.234525+00:00' AIRFLOW_CTX_TRY_NUMBER='1' AIRFLOW_CTX_DAG_RUN_ID='manual__2025-06-25T21:23:25.234525+00:00'
[2025-06-25T21:23:35.029+0000] {taskinstance.py:430} INFO - ::endgroup::
[2025-06-25T21:23:35.070+0000] {logging_mixin.py:188} INFO - connected to reddit
[2025-06-25T21:23:36.042+0000] {taskinstance.py:441} INFO - ::group::Post task execution logs
[2025-06-25T21:23:36.046+0000] {taskinstance.py:2905} ERROR - Task failed with exception
Traceback (most recent call last):
  File "/home/airflow/.local/lib/python3.9/site-packages/airflow/models/taskinstance.py", line 465, in _execute_task
    result = _execute_callable(context=context, **execute_callable_kwargs)
  File "/home/airflow/.local/lib/python3.9/site-packages/airflow/models/taskinstance.py", line 432, in _execute_callable
    return execute_callable(context=context, **execute_callable_kwargs)
  File "/home/airflow/.local/lib/python3.9/site-packages/airflow/models/baseoperator.py", line 400, in wrapper
    return func(self, *args, **kwargs)
  File "/home/airflow/.local/lib/python3.9/site-packages/airflow/operators/python.py", line 235, in execute
    return_value = self.execute_callable()
  File "/home/airflow/.local/lib/python3.9/site-packages/airflow/operators/python.py", line 252, in execute_callable
    return self.python_callable(*self.op_args, **self.op_kwargs)
  File "/opt/airflow/pipelines/reddit_pipeline.py", line 12, in reddit_pipeline
    post_df = transform_data(post_df)
  File "/opt/airflow/etls/reddit_etl.py", line 33, in transform_data
    post_df['created_utc'] = pd.to_dataframe(post_df['created_utc'], unit='s')
AttributeError: module 'pandas' has no attribute 'to_dataframe'
[2025-06-25T21:23:36.063+0000] {taskinstance.py:1206} INFO - Marking task as FAILED. dag_id=etl_reddit_pipeline, task_id=reddit_extraction, run_id=manual__2025-06-25T21:23:25.234525+00:00, execution_date=20250625T212325, start_date=20250625T212334, end_date=20250625T212336
[2025-06-25T21:23:36.095+0000] {standard_task_runner.py:110} ERROR - Failed to execute job 14 for task reddit_extraction (module 'pandas' has no attribute 'to_dataframe'; 54)
[2025-06-25T21:23:36.118+0000] {local_task_job_runner.py:240} INFO - Task exited with return code 1
[2025-06-25T21:23:36.225+0000] {taskinstance.py:3498} INFO - 0 downstream tasks scheduled from follow-on schedule check
[2025-06-25T21:23:36.235+0000] {local_task_job_runner.py:222} INFO - ::endgroup::
