[2025-06-25T21:20:57.414+0000] {local_task_job_runner.py:120} INFO - ::group::Pre task execution logs
[2025-06-25T21:20:57.468+0000] {taskinstance.py:2076} INFO - Dependencies all met for dep_context=non-requeueable deps ti=<TaskInstance: etl_reddit_pipeline.reddit_extraction manual__2025-06-25T21:20:33.332733+00:00 [queued]>
[2025-06-25T21:20:57.474+0000] {taskinstance.py:2076} INFO - Dependencies all met for dep_context=requeueable deps ti=<TaskInstance: etl_reddit_pipeline.reddit_extraction manual__2025-06-25T21:20:33.332733+00:00 [queued]>
[2025-06-25T21:20:57.474+0000] {taskinstance.py:2306} INFO - Starting attempt 1 of 1
[2025-06-25T21:20:57.483+0000] {taskinstance.py:2330} INFO - Executing <Task(PythonOperator): reddit_extraction> on 2025-06-25 21:20:33.332733+00:00
[2025-06-25T21:20:57.505+0000] {standard_task_runner.py:63} INFO - Started process 51 to run task
[2025-06-25T21:20:57.509+0000] {standard_task_runner.py:90} INFO - Running: ['airflow', 'tasks', 'run', 'etl_reddit_pipeline', 'reddit_extraction', 'manual__2025-06-25T21:20:33.332733+00:00', '--job-id', '13', '--raw', '--subdir', 'DAGS_FOLDER/reddit_dag.py', '--cfg-path', '/tmp/tmpyu31yks5']
[2025-06-25T21:20:57.513+0000] {standard_task_runner.py:91} INFO - Job 13: Subtask reddit_extraction
[2025-06-25T21:20:57.576+0000] {task_command.py:426} INFO - Running <TaskInstance: etl_reddit_pipeline.reddit_extraction manual__2025-06-25T21:20:33.332733+00:00 [running]> on host 0e28f0019673
[2025-06-25T21:20:57.724+0000] {taskinstance.py:2648} INFO - Exporting env vars: AIRFLOW_CTX_DAG_OWNER='naspuka' AIRFLOW_CTX_DAG_ID='etl_reddit_pipeline' AIRFLOW_CTX_TASK_ID='reddit_extraction' AIRFLOW_CTX_EXECUTION_DATE='2025-06-25T21:20:33.332733+00:00' AIRFLOW_CTX_TRY_NUMBER='1' AIRFLOW_CTX_DAG_RUN_ID='manual__2025-06-25T21:20:33.332733+00:00'
[2025-06-25T21:20:57.731+0000] {taskinstance.py:430} INFO - ::endgroup::
[2025-06-25T21:20:58.329+0000] {logging_mixin.py:188} INFO - connected to reddit
[2025-06-25T21:20:59.099+0000] {taskinstance.py:441} INFO - ::group::Post task execution logs
[2025-06-25T21:20:59.102+0000] {taskinstance.py:2905} ERROR - Task failed with exception
Traceback (most recent call last):
  File "/home/airflow/.local/lib/python3.9/site-packages/airflow/models/taskinstance.py", line 465, in _execute_task
    result = _execute_callable(context=context, **execute_callable_kwargs)
  File "/home/airflow/.local/lib/python3.9/site-packages/airflow/models/taskinstance.py", line 432, in _execute_callable
    return execute_callable(context=context, **execute_callable_kwargs)
  File "/home/airflow/.local/lib/python3.9/site-packages/airflow/models/baseoperator.py", line 400, in wrapper
    return func(self, *args, **kwargs)
  File "/home/airflow/.local/lib/python3.9/site-packages/airflow/operators/python.py", line 235, in execute
    return_value = self.execute_callable()
  File "/home/airflow/.local/lib/python3.9/site-packages/airflow/operators/python.py", line 252, in execute_callable
    return self.python_callable(*self.op_args, **self.op_kwargs)
  File "/opt/airflow/pipelines/reddit_pipeline.py", line 9, in reddit_pipeline
    posts = extract_posts(instance, subreddit, time_filter, limit)
  File "/opt/airflow/etls/reddit_etl.py", line 27, in extract_posts
    post = {key: post_dict[key] for key in POST_FIELDS}
  File "/opt/airflow/etls/reddit_etl.py", line 27, in <dictcomp>
    post = {key: post_dict[key] for key in POST_FIELDS}
KeyError: 'upvote_ration'
[2025-06-25T21:20:59.135+0000] {taskinstance.py:1206} INFO - Marking task as FAILED. dag_id=etl_reddit_pipeline, task_id=reddit_extraction, run_id=manual__2025-06-25T21:20:33.332733+00:00, execution_date=20250625T212033, start_date=20250625T212057, end_date=20250625T212059
[2025-06-25T21:20:59.166+0000] {standard_task_runner.py:110} ERROR - Failed to execute job 13 for task reddit_extraction ('upvote_ration'; 51)
[2025-06-25T21:20:59.215+0000] {local_task_job_runner.py:240} INFO - Task exited with return code 1
[2025-06-25T21:20:59.256+0000] {taskinstance.py:3498} INFO - 0 downstream tasks scheduled from follow-on schedule check
[2025-06-25T21:20:59.257+0000] {local_task_job_runner.py:222} INFO - ::endgroup::
