[2025-06-25T14:48:45.397+0000] {local_task_job_runner.py:120} INFO - ::group::Pre task execution logs
[2025-06-25T14:48:45.497+0000] {taskinstance.py:2076} INFO - Dependencies all met for dep_context=non-requeueable deps ti=<TaskInstance: etl_reddit_pipeline.reddit_extraction manual__2025-06-25T14:48:33.490311+00:00 [queued]>
[2025-06-25T14:48:45.531+0000] {taskinstance.py:2076} INFO - Dependencies all met for dep_context=requeueable deps ti=<TaskInstance: etl_reddit_pipeline.reddit_extraction manual__2025-06-25T14:48:33.490311+00:00 [queued]>
[2025-06-25T14:48:45.532+0000] {taskinstance.py:2306} INFO - Starting attempt 1 of 1
[2025-06-25T14:48:45.599+0000] {taskinstance.py:2330} INFO - Executing <Task(PythonOperator): reddit_extraction> on 2025-06-25 14:48:33.490311+00:00
[2025-06-25T14:48:45.645+0000] {standard_task_runner.py:63} INFO - Started process 49 to run task
[2025-06-25T14:48:45.672+0000] {standard_task_runner.py:90} INFO - Running: ['airflow', 'tasks', 'run', 'etl_reddit_pipeline', 'reddit_extraction', 'manual__2025-06-25T14:48:33.490311+00:00', '--job-id', '5', '--raw', '--subdir', 'DAGS_FOLDER/reddit_dag.py', '--cfg-path', '/tmp/tmplxhsz1cu']
[2025-06-25T14:48:45.673+0000] {standard_task_runner.py:91} INFO - Job 5: Subtask reddit_extraction
[2025-06-25T14:48:46.456+0000] {task_command.py:426} INFO - Running <TaskInstance: etl_reddit_pipeline.reddit_extraction manual__2025-06-25T14:48:33.490311+00:00 [running]> on host f001d2f8b6ee
[2025-06-25T14:48:46.865+0000] {taskinstance.py:2648} INFO - Exporting env vars: AIRFLOW_CTX_DAG_OWNER='naspuka' AIRFLOW_CTX_DAG_ID='etl_reddit_pipeline' AIRFLOW_CTX_TASK_ID='reddit_extraction' AIRFLOW_CTX_EXECUTION_DATE='2025-06-25T14:48:33.490311+00:00' AIRFLOW_CTX_TRY_NUMBER='1' AIRFLOW_CTX_DAG_RUN_ID='manual__2025-06-25T14:48:33.490311+00:00'
[2025-06-25T14:48:46.873+0000] {taskinstance.py:430} INFO - ::endgroup::
[2025-06-25T14:48:47.497+0000] {logging_mixin.py:188} INFO - connected to reddit
[2025-06-25T14:48:47.499+0000] {taskinstance.py:441} INFO - ::group::Post task execution logs
[2025-06-25T14:48:47.501+0000] {taskinstance.py:2905} ERROR - Task failed with exception
Traceback (most recent call last):
  File "/home/airflow/.local/lib/python3.9/site-packages/airflow/models/taskinstance.py", line 465, in _execute_task
    result = _execute_callable(context=context, **execute_callable_kwargs)
  File "/home/airflow/.local/lib/python3.9/site-packages/airflow/models/taskinstance.py", line 432, in _execute_callable
    return execute_callable(context=context, **execute_callable_kwargs)
  File "/home/airflow/.local/lib/python3.9/site-packages/airflow/models/baseoperator.py", line 400, in wrapper
    return func(self, *args, **kwargs)
  File "/home/airflow/.local/lib/python3.9/site-packages/airflow/operators/python.py", line 235, in execute
    return_value = self.execute_callable()
  File "/home/airflow/.local/lib/python3.9/site-packages/airflow/operators/python.py", line 252, in execute_callable
    return self.python_callable(*self.op_args, **self.op_kwargs)
  File "/opt/airflow/pipelines/reddit_pipeline.py", line 9, in reddit_pipeline
    posts = extract_posts(instance, subreddit, time_filter, limit)
  File "/opt/airflow/etls/reddit_etl.py", line 19, in extract_posts
    posts = subreddit.top(timefilter= time_filter, limit=limit)
  File "/home/airflow/.local/lib/python3.9/site-packages/praw/util/deprecate_args.py", line 46, in wrapped
    return func(**dict(zip(_old_args, args)), **kwargs)
  File "/home/airflow/.local/lib/python3.9/site-packages/praw/models/listing/mixins/base.py", line 155, in top
    return ListingGenerator(self._reddit, url, **generator_kwargs)
TypeError: __init__() got an unexpected keyword argument 'timefilter'
[2025-06-25T14:48:47.530+0000] {taskinstance.py:1206} INFO - Marking task as FAILED. dag_id=etl_reddit_pipeline, task_id=reddit_extraction, run_id=manual__2025-06-25T14:48:33.490311+00:00, execution_date=20250625T144833, start_date=20250625T144845, end_date=20250625T144847
[2025-06-25T14:48:47.663+0000] {standard_task_runner.py:110} ERROR - Failed to execute job 5 for task reddit_extraction (__init__() got an unexpected keyword argument 'timefilter'; 49)
[2025-06-25T14:48:47.702+0000] {local_task_job_runner.py:240} INFO - Task exited with return code 1
[2025-06-25T14:48:47.749+0000] {local_task_job_runner.py:222} INFO - ::endgroup::
